mode: atomic
hotel-booking-system/internal/booking/delivery/http/handler.go:19.71,21.2 1 5
hotel-booking-system/internal/booking/delivery/http/handler.go:23.80,25.15 2 1
hotel-booking-system/internal/booking/delivery/http/handler.go:25.15,27.3 1 1
hotel-booking-system/internal/booking/delivery/http/handler.go:29.2,30.65 2 1
hotel-booking-system/internal/booking/delivery/http/handler.go:30.65,35.3 4 0
hotel-booking-system/internal/booking/delivery/http/handler.go:37.2,37.71 1 1
hotel-booking-system/internal/booking/delivery/http/handler.go:37.71,42.3 4 0
hotel-booking-system/internal/booking/delivery/http/handler.go:44.2,47.36 4 1
hotel-booking-system/internal/booking/delivery/http/handler.go:50.77,52.15 2 1
hotel-booking-system/internal/booking/delivery/http/handler.go:52.15,54.3 1 1
hotel-booking-system/internal/booking/delivery/http/handler.go:56.2,58.16 3 1
hotel-booking-system/internal/booking/delivery/http/handler.go:58.16,63.3 4 0
hotel-booking-system/internal/booking/delivery/http/handler.go:65.2,67.36 3 1
hotel-booking-system/internal/booking/delivery/http/handler.go:70.84,72.15 2 1
hotel-booking-system/internal/booking/delivery/http/handler.go:72.15,74.3 1 1
hotel-booking-system/internal/booking/delivery/http/handler.go:76.2,78.16 3 1
hotel-booking-system/internal/booking/delivery/http/handler.go:78.16,83.3 4 0
hotel-booking-system/internal/booking/delivery/http/handler.go:85.2,87.37 3 1
hotel-booking-system/internal/booking/delivery/http/handler.go:90.85,92.15 2 1
hotel-booking-system/internal/booking/delivery/http/handler.go:92.15,94.3 1 1
hotel-booking-system/internal/booking/delivery/http/handler.go:96.2,98.16 3 1
hotel-booking-system/internal/booking/delivery/http/handler.go:98.16,103.3 4 0
hotel-booking-system/internal/booking/delivery/http/handler.go:105.2,107.37 3 1
hotel-booking-system/internal/booking/delivery/http/handler.go:117.81,119.15 2 0
hotel-booking-system/internal/booking/delivery/http/handler.go:119.15,121.3 1 0
hotel-booking-system/internal/booking/delivery/http/handler.go:123.2,124.61 2 0
hotel-booking-system/internal/booking/delivery/http/handler.go:124.61,129.3 4 0
hotel-booking-system/internal/booking/delivery/http/handler.go:131.2,131.94 1 0
hotel-booking-system/internal/booking/delivery/http/handler.go:131.94,136.3 4 0
hotel-booking-system/internal/booking/delivery/http/handler.go:138.2,139.30 2 0
hotel-booking-system/internal/booking/delivery/http/routes.go:8.52,15.37 5 1
hotel-booking-system/internal/booking/delivery/http/routes.go:15.37,16.43 1 1
hotel-booking-system/internal/booking/delivery/http/routes.go:16.43,21.4 4 1
hotel-booking-system/internal/booking/delivery/http/routes.go:23.3,23.43 1 1
hotel-booking-system/internal/booking/delivery/http/routes.go:23.43,25.4 1 1
hotel-booking-system/internal/booking/delivery/http/routes.go:28.2,28.10 1 1
hotel-booking-system/internal/booking/repository/postgres_booking.go:14.74,16.2 1 19
hotel-booking-system/internal/booking/repository/postgres_booking.go:18.103,28.2 2 2
hotel-booking-system/internal/booking/repository/postgres_booking.go:30.109,40.16 4 3
hotel-booking-system/internal/booking/repository/postgres_booking.go:40.16,42.3 1 2
hotel-booking-system/internal/booking/repository/postgres_booking.go:43.2,43.21 1 1
hotel-booking-system/internal/booking/repository/postgres_booking.go:46.117,51.16 3 4
hotel-booking-system/internal/booking/repository/postgres_booking.go:51.16,53.3 1 1
hotel-booking-system/internal/booking/repository/postgres_booking.go:54.2,57.18 3 3
hotel-booking-system/internal/booking/repository/postgres_booking.go:57.18,63.17 2 3
hotel-booking-system/internal/booking/repository/postgres_booking.go:63.17,65.4 1 1
hotel-booking-system/internal/booking/repository/postgres_booking.go:66.3,66.39 1 2
hotel-booking-system/internal/booking/repository/postgres_booking.go:68.2,68.29 1 2
hotel-booking-system/internal/booking/repository/postgres_booking.go:71.119,76.16 3 3
hotel-booking-system/internal/booking/repository/postgres_booking.go:76.16,78.3 1 1
hotel-booking-system/internal/booking/repository/postgres_booking.go:79.2,82.18 3 2
hotel-booking-system/internal/booking/repository/postgres_booking.go:82.18,88.17 2 1
hotel-booking-system/internal/booking/repository/postgres_booking.go:88.17,90.4 1 0
hotel-booking-system/internal/booking/repository/postgres_booking.go:91.3,91.39 1 1
hotel-booking-system/internal/booking/repository/postgres_booking.go:93.2,93.29 1 2
hotel-booking-system/internal/booking/repository/postgres_booking.go:96.103,100.2 3 3
hotel-booking-system/internal/booking/repository/postgres_booking.go:102.110,106.2 3 6
hotel-booking-system/internal/booking/usecase/booking_usecase.go:33.151,40.2 1 0
hotel-booking-system/internal/booking/usecase/booking_usecase.go:42.93,43.53 1 2
hotel-booking-system/internal/booking/usecase/booking_usecase.go:43.53,45.3 1 1
hotel-booking-system/internal/booking/usecase/booking_usecase.go:47.2,48.16 2 1
hotel-booking-system/internal/booking/usecase/booking_usecase.go:48.16,50.3 1 0
hotel-booking-system/internal/booking/usecase/booking_usecase.go:52.2,53.16 2 1
hotel-booking-system/internal/booking/usecase/booking_usecase.go:53.16,55.3 1 0
hotel-booking-system/internal/booking/usecase/booking_usecase.go:56.2,62.60 5 1
hotel-booking-system/internal/booking/usecase/booking_usecase.go:62.60,64.3 1 0
hotel-booking-system/internal/booking/usecase/booking_usecase.go:66.2,66.29 1 1
hotel-booking-system/internal/booking/usecase/booking_usecase.go:66.29,67.93 1 0
hotel-booking-system/internal/booking/usecase/booking_usecase.go:67.93,69.4 1 0
hotel-booking-system/internal/booking/usecase/booking_usecase.go:72.2,84.72 2 1
hotel-booking-system/internal/booking/usecase/booking_usecase.go:84.72,86.3 1 0
hotel-booking-system/internal/booking/usecase/booking_usecase.go:88.2,88.12 1 1
hotel-booking-system/internal/booking/usecase/booking_usecase.go:91.95,93.2 1 2
hotel-booking-system/internal/booking/usecase/booking_usecase.go:95.107,97.2 1 1
hotel-booking-system/internal/booking/usecase/booking_usecase.go:99.109,101.2 1 1
hotel-booking-system/internal/booking/usecase/booking_usecase.go:103.93,106.34 3 2
hotel-booking-system/internal/booking/usecase/booking_usecase.go:106.34,107.35 1 6
hotel-booking-system/internal/booking/usecase/booking_usecase.go:107.35,109.9 2 1
hotel-booking-system/internal/booking/usecase/booking_usecase.go:112.2,112.12 1 2
hotel-booking-system/internal/booking/usecase/booking_usecase.go:112.12,114.3 1 1
hotel-booking-system/internal/booking/usecase/booking_usecase.go:115.2,115.53 1 1
hotel-booking-system/internal/booking/usecase/payment_adapter.go:16.75,18.2 1 5
hotel-booking-system/internal/booking/usecase/payment_adapter.go:20.107,27.2 2 4
hotel-booking-system/internal/delivery/service/notifier.go:19.73,23.25 3 6
hotel-booking-system/internal/delivery/service/notifier.go:23.25,27.17 2 1
hotel-booking-system/internal/delivery/service/notifier.go:27.17,29.4 1 1
hotel-booking-system/internal/delivery/service/notifier.go:32.2,34.8 1 5
hotel-booking-system/internal/delivery/service/notifier.go:37.88,38.21 1 4
hotel-booking-system/internal/delivery/service/notifier.go:39.27,40.27 1 1
hotel-booking-system/internal/delivery/service/notifier.go:41.25,42.25 1 1
hotel-booking-system/internal/delivery/service/notifier.go:43.30,44.30 1 1
hotel-booking-system/internal/delivery/service/notifier.go:45.10,46.60 1 1
hotel-booking-system/internal/delivery/service/notifier.go:50.81,58.2 2 1
hotel-booking-system/internal/delivery/service/notifier.go:60.79,67.2 2 1
hotel-booking-system/internal/delivery/service/notifier.go:69.84,70.27 1 1
hotel-booking-system/internal/delivery/service/notifier.go:70.27,72.3 1 1
hotel-booking-system/internal/delivery/service/notifier.go:74.2,75.16 2 0
hotel-booking-system/internal/delivery/service/notifier.go:75.16,77.3 1 0
hotel-booking-system/internal/delivery/service/notifier.go:79.2,80.23 2 0
hotel-booking-system/internal/delivery/service/notifier.go:80.23,82.3 1 0
hotel-booking-system/internal/delivery/service/notifier.go:84.2,87.16 2 0
hotel-booking-system/internal/delivery/service/notifier.go:87.16,90.3 2 0
hotel-booking-system/internal/delivery/service/notifier.go:92.2,97.12 2 0
hotel-booking-system/internal/delivery/service/notifier.go:100.59,103.16 3 3
hotel-booking-system/internal/delivery/service/notifier.go:103.16,105.3 1 2
hotel-booking-system/internal/delivery/service/notifier.go:106.2,106.20 1 1
hotel-booking-system/cmd/notification-service/main.go:23.13,30.16 5 0
hotel-booking-system/cmd/notification-service/main.go:30.16,32.3 1 0
hotel-booking-system/cmd/notification-service/main.go:33.2,36.30 3 0
hotel-booking-system/cmd/notification-service/main.go:36.30,38.3 1 0
hotel-booking-system/cmd/notification-service/main.go:40.2,41.27 2 0
hotel-booking-system/cmd/notification-service/main.go:41.27,43.3 1 0
hotel-booking-system/cmd/notification-service/main.go:45.2,61.12 9 0
hotel-booking-system/cmd/notification-service/main.go:61.12,66.3 4 0
hotel-booking-system/cmd/notification-service/main.go:68.2,71.12 3 0
hotel-booking-system/cmd/notification-service/main.go:71.12,73.53 2 0
hotel-booking-system/cmd/notification-service/main.go:73.53,75.63 2 0
hotel-booking-system/cmd/notification-service/main.go:75.63,78.5 2 0
hotel-booking-system/cmd/notification-service/main.go:80.4,82.78 2 0
hotel-booking-system/cmd/notification-service/main.go:82.78,84.5 1 0
hotel-booking-system/cmd/notification-service/main.go:86.4,86.14 1 0
hotel-booking-system/cmd/notification-service/main.go:90.2,96.29 6 0
hotel-booking-system/cmd/seed/hotel/main.go:19.13,40.26 10 0
hotel-booking-system/cmd/seed/hotel/main.go:40.26,42.17 2 0
hotel-booking-system/cmd/seed/hotel/main.go:42.17,43.9 1 0
hotel-booking-system/cmd/seed/hotel/main.go:45.3,46.30 2 0
hotel-booking-system/cmd/seed/hotel/main.go:49.2,49.16 1 0
hotel-booking-system/cmd/seed/hotel/main.go:49.16,51.3 1 0
hotel-booking-system/cmd/seed/hotel/main.go:52.2,75.31 8 0
hotel-booking-system/cmd/seed/hotel/main.go:75.31,76.60 1 0
hotel-booking-system/cmd/seed/hotel/main.go:76.60,78.12 2 0
hotel-booking-system/cmd/seed/hotel/main.go:80.3,82.27 2 0
hotel-booking-system/cmd/seed/hotel/main.go:82.27,83.39 1 0
hotel-booking-system/cmd/seed/hotel/main.go:83.39,95.59 2 0
hotel-booking-system/cmd/seed/hotel/main.go:95.59,97.14 2 0
hotel-booking-system/cmd/seed/hotel/main.go:101.3,101.58 1 0
hotel-booking-system/cmd/seed/hotel/main.go:104.2,104.41 1 0
hotel-booking-system/cmd/delivery-service/main.go:20.13,27.16 5 0
hotel-booking-system/cmd/delivery-service/main.go:27.16,29.3 1 0
hotel-booking-system/cmd/delivery-service/main.go:30.2,33.16 3 0
hotel-booking-system/cmd/delivery-service/main.go:33.16,35.3 1 0
hotel-booking-system/cmd/delivery-service/main.go:37.2,41.20 4 0
hotel-booking-system/cmd/delivery-service/main.go:41.20,43.3 1 0
hotel-booking-system/cmd/delivery-service/main.go:45.2,45.12 1 0
hotel-booking-system/cmd/delivery-service/main.go:45.12,50.3 4 0
hotel-booking-system/cmd/delivery-service/main.go:52.2,57.12 2 0
hotel-booking-system/cmd/delivery-service/main.go:57.12,59.80 2 0
hotel-booking-system/cmd/delivery-service/main.go:59.80,61.4 1 0
hotel-booking-system/cmd/delivery-service/main.go:64.2,73.45 7 0
hotel-booking-system/cmd/delivery-service/main.go:73.45,75.3 1 0
hotel-booking-system/cmd/booking-service/main.go:26.13,33.16 5 0
hotel-booking-system/cmd/booking-service/main.go:33.16,35.3 1 0
hotel-booking-system/cmd/booking-service/main.go:36.2,47.16 4 0
hotel-booking-system/cmd/booking-service/main.go:47.16,49.3 1 0
hotel-booking-system/cmd/booking-service/main.go:50.2,55.16 4 0
hotel-booking-system/cmd/booking-service/main.go:55.16,57.3 1 0
hotel-booking-system/cmd/booking-service/main.go:58.2,66.29 7 0
hotel-booking-system/cmd/booking-service/main.go:66.29,70.3 3 0
hotel-booking-system/cmd/booking-service/main.go:72.2,76.12 3 0
hotel-booking-system/cmd/booking-service/main.go:76.12,81.67 4 0
hotel-booking-system/cmd/booking-service/main.go:81.67,83.4 1 0
hotel-booking-system/cmd/booking-service/main.go:86.2,86.12 1 0
hotel-booking-system/cmd/booking-service/main.go:86.12,91.3 4 0
hotel-booking-system/cmd/booking-service/main.go:93.2,100.9 7 0
hotel-booking-system/cmd/payment-service/main.go:20.13,27.16 5 0
hotel-booking-system/cmd/payment-service/main.go:27.16,29.3 1 0
hotel-booking-system/cmd/payment-service/main.go:30.2,33.22 3 0
hotel-booking-system/cmd/payment-service/main.go:33.22,35.3 1 0
hotel-booking-system/cmd/payment-service/main.go:37.2,42.20 5 0
hotel-booking-system/cmd/payment-service/main.go:42.20,44.3 1 0
hotel-booking-system/cmd/payment-service/main.go:46.2,46.12 1 0
hotel-booking-system/cmd/payment-service/main.go:46.12,51.3 4 0
hotel-booking-system/cmd/payment-service/main.go:53.2,58.12 2 0
hotel-booking-system/cmd/payment-service/main.go:58.12,60.80 2 0
hotel-booking-system/cmd/payment-service/main.go:60.80,62.4 1 0
hotel-booking-system/cmd/payment-service/main.go:65.2,74.45 7 0
hotel-booking-system/cmd/payment-service/main.go:74.45,76.3 1 0
hotel-booking-system/internal/hotel/delivery/http/handler.go:20.65,22.2 1 15
hotel-booking-system/internal/hotel/delivery/http/handler.go:24.76,26.15 2 3
hotel-booking-system/internal/hotel/delivery/http/handler.go:26.15,28.3 1 3
hotel-booking-system/internal/hotel/delivery/http/handler.go:30.2,31.63 2 3
hotel-booking-system/internal/hotel/delivery/http/handler.go:31.63,36.3 4 1
hotel-booking-system/internal/hotel/delivery/http/handler.go:38.2,38.67 1 2
hotel-booking-system/internal/hotel/delivery/http/handler.go:38.67,43.3 4 1
hotel-booking-system/internal/hotel/delivery/http/handler.go:45.2,48.34 4 1
hotel-booking-system/internal/hotel/delivery/http/handler.go:51.73,53.15 2 1
hotel-booking-system/internal/hotel/delivery/http/handler.go:53.15,55.3 1 1
hotel-booking-system/internal/hotel/delivery/http/handler.go:57.2,59.16 3 1
hotel-booking-system/internal/hotel/delivery/http/handler.go:59.16,64.3 4 0
hotel-booking-system/internal/hotel/delivery/http/handler.go:66.2,68.34 3 1
hotel-booking-system/internal/hotel/delivery/http/handler.go:71.74,73.15 2 2
hotel-booking-system/internal/hotel/delivery/http/handler.go:73.15,75.3 1 2
hotel-booking-system/internal/hotel/delivery/http/handler.go:77.2,81.16 4 2
hotel-booking-system/internal/hotel/delivery/http/handler.go:81.16,86.3 4 1
hotel-booking-system/internal/hotel/delivery/http/handler.go:88.2,90.35 3 1
hotel-booking-system/internal/hotel/delivery/http/handler.go:93.82,95.15 2 2
hotel-booking-system/internal/hotel/delivery/http/handler.go:95.15,97.3 1 2
hotel-booking-system/internal/hotel/delivery/http/handler.go:99.2,101.16 3 2
hotel-booking-system/internal/hotel/delivery/http/handler.go:101.16,106.3 4 1
hotel-booking-system/internal/hotel/delivery/http/handler.go:108.2,110.43 3 1
hotel-booking-system/internal/hotel/delivery/http/handler.go:113.76,115.15 2 3
hotel-booking-system/internal/hotel/delivery/http/handler.go:115.15,117.3 1 3
hotel-booking-system/internal/hotel/delivery/http/handler.go:119.2,121.63 3 3
hotel-booking-system/internal/hotel/delivery/http/handler.go:121.63,126.3 4 1
hotel-booking-system/internal/hotel/delivery/http/handler.go:127.2,129.67 2 2
hotel-booking-system/internal/hotel/delivery/http/handler.go:129.67,134.3 4 1
hotel-booking-system/internal/hotel/delivery/http/handler.go:136.2,138.34 3 1
hotel-booking-system/internal/hotel/delivery/http/handler.go:141.75,143.15 2 3
hotel-booking-system/internal/hotel/delivery/http/handler.go:143.15,145.3 1 3
hotel-booking-system/internal/hotel/delivery/http/handler.go:147.2,148.62 2 3
hotel-booking-system/internal/hotel/delivery/http/handler.go:148.62,153.3 4 1
hotel-booking-system/internal/hotel/delivery/http/handler.go:155.2,155.65 1 2
hotel-booking-system/internal/hotel/delivery/http/handler.go:155.65,160.3 4 1
hotel-booking-system/internal/hotel/delivery/http/handler.go:162.2,165.33 4 1
hotel-booking-system/internal/hotel/delivery/http/routes.go:8.50,15.37 5 1
hotel-booking-system/internal/hotel/delivery/http/routes.go:15.37,16.41 1 1
hotel-booking-system/internal/hotel/delivery/http/routes.go:16.41,22.4 5 1
hotel-booking-system/internal/hotel/delivery/http/routes.go:24.3,24.40 1 1
hotel-booking-system/internal/hotel/delivery/http/routes.go:24.40,26.4 1 1
hotel-booking-system/internal/hotel/delivery/http/routes.go:29.2,29.10 1 1
hotel-booking-system/cmd/hotel-service/main.go:22.13,29.16 5 0
hotel-booking-system/cmd/hotel-service/main.go:29.16,31.3 1 0
hotel-booking-system/cmd/hotel-service/main.go:32.2,43.16 4 0
hotel-booking-system/cmd/hotel-service/main.go:43.16,45.3 1 0
hotel-booking-system/cmd/hotel-service/main.go:46.2,54.12 6 0
hotel-booking-system/cmd/hotel-service/main.go:54.12,59.67 4 0
hotel-booking-system/cmd/hotel-service/main.go:59.67,61.4 1 0
hotel-booking-system/cmd/hotel-service/main.go:64.2,64.12 1 0
hotel-booking-system/cmd/hotel-service/main.go:64.12,69.3 4 0
hotel-booking-system/cmd/hotel-service/main.go:71.2,78.9 7 0
hotel-booking-system/internal/hotel/repository/postgres_hotel.go:14.70,16.2 1 20
hotel-booking-system/internal/hotel/repository/postgres_hotel.go:18.95,25.2 2 2
hotel-booking-system/internal/hotel/repository/postgres_hotel.go:27.103,35.16 4 3
hotel-booking-system/internal/hotel/repository/postgres_hotel.go:35.16,37.3 1 2
hotel-booking-system/internal/hotel/repository/postgres_hotel.go:38.2,38.19 1 1
hotel-booking-system/internal/hotel/repository/postgres_hotel.go:41.109,45.16 3 5
hotel-booking-system/internal/hotel/repository/postgres_hotel.go:45.16,47.3 1 1
hotel-booking-system/internal/hotel/repository/postgres_hotel.go:48.2,51.18 3 4
hotel-booking-system/internal/hotel/repository/postgres_hotel.go:51.18,56.17 2 4
hotel-booking-system/internal/hotel/repository/postgres_hotel.go:56.17,58.4 1 1
hotel-booking-system/internal/hotel/repository/postgres_hotel.go:59.3,59.33 1 3
hotel-booking-system/internal/hotel/repository/postgres_hotel.go:61.2,61.27 1 3
hotel-booking-system/internal/hotel/repository/postgres_hotel.go:64.113,68.16 3 3
hotel-booking-system/internal/hotel/repository/postgres_hotel.go:68.16,70.3 1 1
hotel-booking-system/internal/hotel/repository/postgres_hotel.go:71.2,74.18 3 2
hotel-booking-system/internal/hotel/repository/postgres_hotel.go:74.18,79.17 2 2
hotel-booking-system/internal/hotel/repository/postgres_hotel.go:79.17,81.4 1 0
hotel-booking-system/internal/hotel/repository/postgres_hotel.go:82.3,82.33 1 2
hotel-booking-system/internal/hotel/repository/postgres_hotel.go:84.2,84.27 1 2
hotel-booking-system/internal/hotel/repository/postgres_hotel.go:87.95,94.2 2 3
hotel-booking-system/internal/hotel/repository/postgres_hotel.go:96.85,100.2 3 3
hotel-booking-system/internal/hotel/repository/postgres_room.go:14.68,16.2 1 23
hotel-booking-system/internal/hotel/repository/postgres_room.go:18.91,26.2 2 3
hotel-booking-system/internal/hotel/repository/postgres_room.go:28.100,38.16 4 3
hotel-booking-system/internal/hotel/repository/postgres_room.go:38.16,40.3 1 2
hotel-booking-system/internal/hotel/repository/postgres_room.go:41.2,41.18 1 1
hotel-booking-system/internal/hotel/repository/postgres_room.go:44.110,49.16 3 6
hotel-booking-system/internal/hotel/repository/postgres_room.go:49.16,51.3 1 1
hotel-booking-system/internal/hotel/repository/postgres_room.go:52.2,55.18 3 5
hotel-booking-system/internal/hotel/repository/postgres_room.go:55.18,61.17 2 6
hotel-booking-system/internal/hotel/repository/postgres_room.go:61.17,63.4 1 1
hotel-booking-system/internal/hotel/repository/postgres_room.go:64.3,64.30 1 5
hotel-booking-system/internal/hotel/repository/postgres_room.go:66.2,66.26 1 4
hotel-booking-system/internal/hotel/repository/postgres_room.go:69.91,77.2 2 3
hotel-booking-system/internal/hotel/repository/postgres_room.go:79.83,83.2 3 3
hotel-booking-system/internal/hotel/repository/postgres_room.go:85.109,90.2 4 4
hotel-booking-system/internal/hotel/usecase/hotel_usecase.go:17.102,22.2 1 15
hotel-booking-system/internal/hotel/usecase/hotel_usecase.go:24.85,25.68 1 2
hotel-booking-system/internal/hotel/usecase/hotel_usecase.go:25.68,27.3 1 1
hotel-booking-system/internal/hotel/usecase/hotel_usecase.go:28.2,29.45 2 1
hotel-booking-system/internal/hotel/usecase/hotel_usecase.go:32.89,34.2 1 1
hotel-booking-system/internal/hotel/usecase/hotel_usecase.go:36.99,37.16 1 1
hotel-booking-system/internal/hotel/usecase/hotel_usecase.go:37.16,39.3 1 1
hotel-booking-system/internal/hotel/usecase/hotel_usecase.go:40.2,40.51 1 1
hotel-booking-system/internal/hotel/usecase/hotel_usecase.go:43.103,45.2 1 1
hotel-booking-system/internal/hotel/usecase/hotel_usecase.go:47.85,49.16 2 2
hotel-booking-system/internal/hotel/usecase/hotel_usecase.go:49.16,51.3 1 0
hotel-booking-system/internal/hotel/usecase/hotel_usecase.go:52.2,52.39 1 2
hotel-booking-system/internal/hotel/usecase/hotel_usecase.go:52.39,54.3 1 1
hotel-booking-system/internal/hotel/usecase/hotel_usecase.go:55.2,55.45 1 1
hotel-booking-system/internal/hotel/usecase/hotel_usecase.go:58.84,60.16 2 1
hotel-booking-system/internal/hotel/usecase/hotel_usecase.go:60.16,62.3 1 0
hotel-booking-system/internal/hotel/usecase/hotel_usecase.go:63.2,63.33 1 1
hotel-booking-system/internal/hotel/usecase/hotel_usecase.go:63.33,65.3 1 0
hotel-booking-system/internal/hotel/usecase/hotel_usecase.go:66.2,66.42 1 1
hotel-booking-system/internal/hotel/usecase/hotel_usecase.go:69.82,72.2 2 1
hotel-booking-system/internal/hotel/usecase/hotel_usecase.go:74.87,76.2 1 1
hotel-booking-system/internal/hotel/usecase/hotel_usecase.go:78.101,80.2 1 1
hotel-booking-system/internal/hotel/usecase/hotel_usecase.go:82.112,84.16 2 2
hotel-booking-system/internal/hotel/usecase/hotel_usecase.go:84.16,86.3 1 1
hotel-booking-system/internal/hotel/usecase/hotel_usecase.go:88.2,89.16 2 1
hotel-booking-system/internal/hotel/usecase/hotel_usecase.go:89.16,91.3 1 0
hotel-booking-system/internal/hotel/usecase/hotel_usecase.go:93.2,96.8 1 1
hotel-booking-system/internal/hotel/usecase/hotel_usecase.go:99.82,101.2 1 1
hotel-booking-system/internal/hotel/usecase/hotel_usecase.go:103.100,105.2 1 1
hotel-booking-system/internal/notification/service/notification_service.go:24.106,29.2 1 5
hotel-booking-system/internal/notification/service/notification_service.go:31.106,45.17 2 4
hotel-booking-system/internal/notification/service/notification_service.go:45.17,47.3 1 1
hotel-booking-system/internal/notification/service/notification_service.go:49.2,50.16 2 4
hotel-booking-system/internal/notification/service/notification_service.go:50.16,52.3 1 1
hotel-booking-system/internal/notification/service/notification_service.go:52.8,67.18 2 3
hotel-booking-system/internal/notification/service/notification_service.go:67.18,69.4 1 1
hotel-booking-system/internal/notification/service/notification_service.go:72.2,72.12 1 4
hotel-booking-system/internal/notification/service/notification_service.go:75.126,80.2 1 5
hotel-booking-system/internal/notification/service/notification_service.go:82.136,87.2 1 4
hotel-booking-system/internal/payment/delivery/http/handler.go:22.71,26.2 1 5
hotel-booking-system/internal/payment/delivery/http/handler.go:28.80,30.15 2 4
hotel-booking-system/internal/payment/delivery/http/handler.go:30.15,32.3 1 4
hotel-booking-system/internal/payment/delivery/http/handler.go:34.2,35.61 2 4
hotel-booking-system/internal/payment/delivery/http/handler.go:35.61,40.3 4 1
hotel-booking-system/internal/payment/delivery/http/handler.go:42.2,42.24 1 3
hotel-booking-system/internal/payment/delivery/http/handler.go:42.24,44.3 1 2
hotel-booking-system/internal/payment/delivery/http/handler.go:46.2,47.16 2 3
hotel-booking-system/internal/payment/delivery/http/handler.go:47.16,52.3 4 1
hotel-booking-system/internal/payment/delivery/http/handler.go:54.2,57.37 4 2
hotel-booking-system/internal/payment/delivery/http/routes.go:8.52,15.37 5 0
hotel-booking-system/internal/payment/delivery/http/routes.go:15.37,16.43 1 0
hotel-booking-system/internal/payment/delivery/http/routes.go:16.43,18.4 1 0
hotel-booking-system/internal/payment/delivery/http/routes.go:21.2,21.10 1 0
hotel-booking-system/internal/delivery/http/handler.go:18.69,22.2 1 4
hotel-booking-system/internal/delivery/http/handler.go:24.84,26.15 2 3
hotel-booking-system/internal/delivery/http/handler.go:26.15,28.3 1 3
hotel-booking-system/internal/delivery/http/handler.go:30.2,31.61 2 3
hotel-booking-system/internal/delivery/http/handler.go:31.61,36.3 4 1
hotel-booking-system/internal/delivery/http/handler.go:38.2,38.58 1 2
hotel-booking-system/internal/delivery/http/handler.go:38.58,43.3 4 1
hotel-booking-system/internal/delivery/http/handler.go:45.2,50.4 3 1
hotel-booking-system/internal/delivery/http/routes.go:8.53,15.37 5 0
hotel-booking-system/internal/delivery/http/routes.go:15.37,16.48 1 0
hotel-booking-system/internal/delivery/http/routes.go:16.48,18.4 1 0
hotel-booking-system/internal/delivery/http/routes.go:21.2,21.10 1 0
hotel-booking-system/internal/payment/service/payment.go:21.59,25.2 1 7
hotel-booking-system/internal/payment/service/payment.go:27.124,39.2 4 3
hotel-booking-system/internal/payment/service/payment.go:41.114,45.21 3 3
hotel-booking-system/internal/payment/service/payment.go:45.21,47.3 1 2
hotel-booking-system/internal/payment/service/payment.go:49.2,57.53 2 3
hotel-booking-system/internal/payment/service/payment.go:57.53,59.3 1 0
hotel-booking-system/internal/payment/service/payment.go:62.97,64.16 2 6
hotel-booking-system/internal/payment/service/payment.go:64.16,66.3 1 0
hotel-booking-system/internal/payment/service/payment.go:68.2,69.16 2 6
hotel-booking-system/internal/payment/service/payment.go:69.16,71.3 1 0
hotel-booking-system/internal/payment/service/payment.go:73.2,80.16 4 6
hotel-booking-system/internal/payment/service/payment.go:80.16,82.3 1 1
hotel-booking-system/internal/payment/service/payment.go:83.2,85.38 2 5
hotel-booking-system/internal/payment/service/payment.go:85.38,87.3 1 1
hotel-booking-system/internal/payment/service/payment.go:89.2,95.12 2 4
hotel-booking-system/pkg/database/postgres.go:18.57,23.16 3 1
hotel-booking-system/pkg/database/postgres.go:23.16,25.3 1 0
hotel-booking-system/pkg/database/postgres.go:27.2,27.34 1 1
hotel-booking-system/pkg/database/postgres.go:27.34,29.3 1 1
hotel-booking-system/pkg/database/postgres.go:31.2,31.16 1 0
hotel-booking-system/pkg/hotelclient/hotel_client.go:15.56,19.2 1 3
hotel-booking-system/pkg/hotelclient/hotel_client.go:21.98,25.16 3 1
hotel-booking-system/pkg/hotelclient/hotel_client.go:25.16,27.3 1 0
hotel-booking-system/pkg/hotelclient/hotel_client.go:29.2,30.16 2 1
hotel-booking-system/pkg/hotelclient/hotel_client.go:30.16,32.3 1 0
hotel-booking-system/pkg/hotelclient/hotel_client.go:33.2,36.16 3 1
hotel-booking-system/pkg/hotelclient/hotel_client.go:36.16,38.3 1 0
hotel-booking-system/pkg/hotelclient/hotel_client.go:40.2,40.38 1 1
hotel-booking-system/pkg/hotelclient/hotel_client.go:40.38,42.3 1 1
hotel-booking-system/pkg/hotelclient/hotel_client.go:44.2,52.54 2 0
hotel-booking-system/pkg/hotelclient/hotel_client.go:52.54,54.3 1 0
hotel-booking-system/pkg/hotelclient/hotel_client.go:56.2,56.36 1 0
hotel-booking-system/pkg/hotelclient/hotel_client.go:56.36,57.24 1 0
hotel-booking-system/pkg/hotelclient/hotel_client.go:57.24,59.4 1 0
hotel-booking-system/pkg/hotelclient/hotel_client.go:62.2,62.72 1 0
hotel-booking-system/pkg/hotelclient/hotel_client.go:65.37,67.2 1 3
hotel-booking-system/pkg/httpclient/delivery_client.go:19.56,26.2 1 5
hotel-booking-system/pkg/httpclient/delivery_client.go:35.100,39.16 3 4
hotel-booking-system/pkg/httpclient/delivery_client.go:39.16,41.3 1 0
hotel-booking-system/pkg/httpclient/delivery_client.go:43.2,44.16 2 4
hotel-booking-system/pkg/httpclient/delivery_client.go:44.16,46.3 1 0
hotel-booking-system/pkg/httpclient/delivery_client.go:48.2,51.16 3 4
hotel-booking-system/pkg/httpclient/delivery_client.go:51.16,54.3 2 2
hotel-booking-system/pkg/httpclient/delivery_client.go:55.2,57.38 2 2
hotel-booking-system/pkg/httpclient/delivery_client.go:57.38,59.3 1 1
hotel-booking-system/pkg/httpclient/delivery_client.go:61.2,61.12 1 1
hotel-booking-system/pkg/httpclient/hotel_client.go:17.58,24.2 1 6
hotel-booking-system/pkg/httpclient/hotel_client.go:31.96,35.16 3 5
hotel-booking-system/pkg/httpclient/hotel_client.go:35.16,37.3 1 0
hotel-booking-system/pkg/httpclient/hotel_client.go:39.2,40.16 2 5
hotel-booking-system/pkg/httpclient/hotel_client.go:40.16,42.3 1 1
hotel-booking-system/pkg/httpclient/hotel_client.go:43.2,45.38 2 4
hotel-booking-system/pkg/httpclient/hotel_client.go:45.38,48.3 2 2
hotel-booking-system/pkg/httpclient/hotel_client.go:50.2,51.66 2 2
hotel-booking-system/pkg/httpclient/hotel_client.go:51.66,53.3 1 1
hotel-booking-system/pkg/httpclient/hotel_client.go:55.2,55.27 1 1
hotel-booking-system/pkg/httpclient/payment_client.go:19.54,26.2 1 6
hotel-booking-system/pkg/httpclient/payment_client.go:40.107,44.16 3 5
hotel-booking-system/pkg/httpclient/payment_client.go:44.16,46.3 1 0
hotel-booking-system/pkg/httpclient/payment_client.go:48.2,49.16 2 5
hotel-booking-system/pkg/httpclient/payment_client.go:49.16,51.3 1 0
hotel-booking-system/pkg/httpclient/payment_client.go:53.2,56.16 3 5
hotel-booking-system/pkg/httpclient/payment_client.go:56.16,59.3 2 1
hotel-booking-system/pkg/httpclient/payment_client.go:60.2,62.44 2 4
hotel-booking-system/pkg/httpclient/payment_client.go:62.44,64.3 1 2
hotel-booking-system/pkg/httpclient/payment_client.go:66.2,67.72 2 2
hotel-booking-system/pkg/httpclient/payment_client.go:67.72,69.3 1 1
hotel-booking-system/pkg/httpclient/payment_client.go:71.2,71.26 1 1
hotel-booking-system/pkg/kafka/consumer.go:17.69,27.2 1 1
hotel-booking-system/pkg/kafka/consumer.go:29.87,30.6 1 0
hotel-booking-system/pkg/kafka/consumer.go:30.6,32.17 2 0
hotel-booking-system/pkg/kafka/consumer.go:32.17,35.4 2 0
hotel-booking-system/pkg/kafka/consumer.go:37.3,40.44 3 0
hotel-booking-system/pkg/kafka/consumer.go:40.44,42.4 1 0
hotel-booking-system/pkg/kafka/consumer.go:46.34,48.2 1 0
hotel-booking-system/pkg/kafka/consumer.go:50.57,52.2 1 2
hotel-booking-system/pkg/kafka/producer.go:17.60,25.2 1 2
hotel-booking-system/pkg/kafka/producer.go:27.90,29.16 2 1
hotel-booking-system/pkg/kafka/producer.go:29.16,31.3 1 1
hotel-booking-system/pkg/kafka/producer.go:33.2,38.57 2 0
hotel-booking-system/pkg/kafka/producer.go:38.57,41.3 2 0
hotel-booking-system/pkg/kafka/producer.go:43.2,45.12 3 0
hotel-booking-system/pkg/kafka/producer.go:48.34,50.2 1 0
hotel-booking-system/pkg/logger/logger.go:11.25,17.16 5 3
hotel-booking-system/pkg/logger/logger.go:17.16,19.3 1 1
hotel-booking-system/pkg/logger/logger.go:20.2,20.24 1 3
hotel-booking-system/pkg/logger/logger.go:23.33,24.16 1 2
hotel-booking-system/pkg/logger/logger.go:24.16,26.3 1 1
hotel-booking-system/pkg/logger/logger.go:27.2,27.12 1 2
hotel-booking-system/pkg/tracing/tracing.go:13.87,15.16 2 1
hotel-booking-system/pkg/tracing/tracing.go:15.16,17.3 1 0
hotel-booking-system/pkg/tracing/tracing.go:19.2,28.16 3 1
hotel-booking-system/pkg/tracing/tracing.go:31.71,32.15 1 2
hotel-booking-system/pkg/tracing/tracing.go:32.15,34.3 1 1
hotel-booking-system/pkg/tracing/tracing.go:35.2,35.12 1 1
